# JRE version: OpenJDK Runtime Environment (8.0_152-b01) (build 1.8.0_152-release-915-b01)
# Java VM: OpenJDK 64-Bit Server VM (25.152-b01 mixed mode windows-amd64 compressed oops)
Heap:
 PSYoungGen      total 335360K, used 203800K [0x00000000e0000000, 0x00000000f6f80000, 0x0000000100000000)
  eden space 309760K, 58% used [0x00000000e0000000,0x00000000eb01b168,0x00000000f2e80000)
  from space 25600K, 91% used [0x00000000f5680000,0x00000000f6d6b158,0x00000000f6f80000)
  to   space 33280K, 0% used [0x00000000f2e80000,0x00000000f2e80000,0x00000000f4f00000)
 ParOldGen       total 137216K, used 42869K [0x00000000a0000000, 0x00000000a8600000, 0x00000000e0000000)
  object space 137216K, 31% used [0x00000000a0000000,0x00000000a29dd5b0,0x00000000a8600000)
 Metaspace       used 71924K, capacity 75204K, committed 75352K, reserved 1114112K
  class space    used 9313K, capacity 10015K, committed 10112K, reserved 1048576K
GC Heap History (10 events):
Event: 12.758 GC heap before
{Heap before GC invocations=13 (full 2):
 PSYoungGen      total 177664K, used 176857K [0x00000000e0000000, 0x00000000edb80000, 0x0000000100000000)
  eden space 161280K, 99% used [0x00000000e0000000,0x00000000e9cb7088,0x00000000e9d80000)
  from space 16384K, 99% used [0x00000000eb580000,0x00000000ec57f520,0x00000000ec580000)
  to   space 24576K, 0% used [0x00000000e9d80000,0x00000000e9d80000,0x00000000eb580000)
 ParOldGen       total 101376K, used 38520K [0x00000000a0000000, 0x00000000a6300000, 0x00000000e0000000)
  object space 101376K, 37% used [0x00000000a0000000,0x00000000a259e0b8,0x00000000a6300000)
 Metaspace       used 56277K, capacity 58334K, committed 58584K, reserved 1099776K
  class space    used 7590K, capacity 8086K, committed 8192K, reserved 1048576K
Event: 12.777 GC heap after
Heap after GC invocations=13 (full 2):
 PSYoungGen      total 185856K, used 16969K [0x00000000e0000000, 0x00000000f0f00000, 0x0000000100000000)
  eden space 161280K, 0% used [0x00000000e0000000,0x00000000e0000000,0x00000000e9d80000)
  from space 24576K, 69% used [0x00000000e9d80000,0x00000000eae12760,0x00000000eb580000)
  to   space 25088K, 0% used [0x00000000ef680000,0x00000000ef680000,0x00000000f0f00000)
 ParOldGen       total 101376K, used 38528K [0x00000000a0000000, 0x00000000a6300000, 0x00000000e0000000)
  object space 101376K, 38% used [0x00000000a0000000,0x00000000a25a00b8,0x00000000a6300000)
 Metaspace       used 56277K, capacity 58334K, committed 58584K, reserved 1099776K
  class space    used 7590K, capacity 8086K, committed 8192K, reserved 1048576K
}
Event: 13.014 GC heap before
{Heap before GC invocations=14 (full 2):
 PSYoungGen      total 185856K, used 97701K [0x00000000e0000000, 0x00000000f0f00000, 0x0000000100000000)
  eden space 161280K, 50% used [0x00000000e0000000,0x00000000e4ed6e48,0x00000000e9d80000)
  from space 24576K, 69% used [0x00000000e9d80000,0x00000000eae12760,0x00000000eb580000)
  to   space 25088K, 0% used [0x00000000ef680000,0x00000000ef680000,0x00000000f0f00000)
 ParOldGen       total 101376K, used 38528K [0x00000000a0000000, 0x00000000a6300000, 0x00000000e0000000)
  object space 101376K, 38% used [0x00000000a0000000,0x00000000a25a00b8,0x00000000a6300000)
 Metaspace       used 56901K, capacity 58962K, committed 59028K, reserved 1099776K
  class space    used 7707K, capacity 8162K, committed 8192K, reserved 1048576K
Event: 13.040 GC heap after
Heap after GC invocations=14 (full 2):
 PSYoungGen      total 253440K, used 11861K [0x00000000e0000000, 0x00000000f1300000, 0x0000000100000000)
  eden space 228352K, 0% used [0x00000000e0000000,0x00000000e0000000,0x00000000edf00000)
  from space 25088K, 47% used [0x00000000ef680000,0x00000000f0215468,0x00000000f0f00000)
  to   space 24064K, 0% used [0x00000000edf00000,0x00000000edf00000,0x00000000ef680000)
 ParOldGen       total 101376K, used 44120K [0x00000000a0000000, 0x00000000a6300000, 0x00000000e0000000)
  object space 101376K, 43% used [0x00000000a0000000,0x00000000a2b161f0,0x00000000a6300000)
 Metaspace       used 56901K, capacity 58962K, committed 59028K, reserved 1099776K
  class space    used 7707K, capacity 8162K, committed 8192K, reserved 1048576K
}
Event: 13.040 GC heap before
{Heap before GC invocations=15 (full 3):
 PSYoungGen      total 253440K, used 11861K [0x00000000e0000000, 0x00000000f1300000, 0x0000000100000000)
  eden space 228352K, 0% used [0x00000000e0000000,0x00000000e0000000,0x00000000edf00000)
  from space 25088K, 47% used [0x00000000ef680000,0x00000000f0215468,0x00000000f0f00000)
  to   space 24064K, 0% used [0x00000000edf00000,0x00000000edf00000,0x00000000ef680000)
 ParOldGen       total 101376K, used 44120K [0x00000000a0000000, 0x00000000a6300000, 0x00000000e0000000)
  object space 101376K, 43% used [0x00000000a0000000,0x00000000a2b161f0,0x00000000a6300000)
 Metaspace       used 56901K, capacity 58962K, committed 59028K, reserved 1099776K
  class space    used 7707K, capacity 8162K, committed 8192K, reserved 1048576K
Event: 13.235 GC heap after
Heap after GC invocations=15 (full 3):
 PSYoungGen      total 253440K, used 0K [0x00000000e0000000, 0x00000000f1300000, 0x0000000100000000)
  eden space 228352K, 0% used [0x00000000e0000000,0x00000000e0000000,0x00000000edf00000)
  from space 25088K, 0% used [0x00000000ef680000,0x00000000ef680000,0x00000000f0f00000)
  to   space 24064K, 0% used [0x00000000edf00000,0x00000000edf00000,0x00000000ef680000)
 ParOldGen       total 137216K, used 31077K [0x00000000a0000000, 0x00000000a8600000, 0x00000000e0000000)
  object space 137216K, 22% used [0x00000000a0000000,0x00000000a1e596f0,0x00000000a8600000)
 Metaspace       used 56901K, capacity 58962K, committed 59028K, reserved 1099776K
  class space    used 7707K, capacity 8162K, committed 8192K, reserved 1048576K
}
Event: 239.573 GC heap before
{Heap before GC invocations=16 (full 3):
 PSYoungGen      total 253440K, used 228352K [0x00000000e0000000, 0x00000000f1300000, 0x0000000100000000)
  eden space 228352K, 100% used [0x00000000e0000000,0x00000000edf00000,0x00000000edf00000)
  from space 25088K, 0% used [0x00000000ef680000,0x00000000ef680000,0x00000000f0f00000)
  to   space 24064K, 0% used [0x00000000edf00000,0x00000000edf00000,0x00000000ef680000)
 ParOldGen       total 137216K, used 31077K [0x00000000a0000000, 0x00000000a8600000, 0x00000000e0000000)
  object space 137216K, 22% used [0x00000000a0000000,0x00000000a1e596f0,0x00000000a8600000)
 Metaspace       used 68800K, capacity 71530K, committed 71640K, reserved 1112064K
  class space    used 9034K, capacity 9666K, committed 9728K, reserved 1048576K
Event: 239.594 GC heap after
Heap after GC invocations=16 (full 3):
 PSYoungGen      total 252416K, used 24057K [0x00000000e0000000, 0x00000000f7580000, 0x0000000100000000)
  eden space 228352K, 0% used [0x00000000e0000000,0x00000000e0000000,0x00000000edf00000)
  from space 24064K, 99% used [0x00000000edf00000,0x00000000ef67e490,0x00000000ef680000)
  to   space 31744K, 0% used [0x00000000f5680000,0x00000000f5680000,0x00000000f7580000)
 ParOldGen       total 137216K, used 42861K [0x00000000a0000000, 0x00000000a8600000, 0x00000000e0000000)
  object space 137216K, 31% used [0x00000000a0000000,0x00000000a29db5b0,0x00000000a8600000)
 Metaspace       used 68800K, capacity 71530K, committed 71640K, reserved 1112064K
  class space    used 9034K, capacity 9666K, committed 9728K, reserved 1048576K
}
Event: 398.710 GC heap before
{Heap before GC invocations=17 (full 3):
 PSYoungGen      total 252416K, used 252409K [0x00000000e0000000, 0x00000000f7580000, 0x0000000100000000)
  eden space 228352K, 100% used [0x00000000e0000000,0x00000000edf00000,0x00000000edf00000)
  from space 24064K, 99% used [0x00000000edf00000,0x00000000ef67e490,0x00000000ef680000)
  to   space 31744K, 0% used [0x00000000f5680000,0x00000000f5680000,0x00000000f7580000)
 ParOldGen       total 137216K, used 42861K [0x00000000a0000000, 0x00000000a8600000, 0x00000000e0000000)
  object space 137216K, 31% used [0x00000000a0000000,0x00000000a29db5b0,0x00000000a8600000)
 Metaspace       used 70986K, capacity 73974K, committed 74200K, reserved 1114112K
  class space    used 9236K, capacity 9908K, committed 9984K, reserved 1048576K
Event: 398.728 GC heap after
Heap after GC invocations=17 (full 3):
 PSYoungGen      total 335360K, used 23468K [0x00000000e0000000, 0x00000000f6f80000, 0x0000000100000000)
  eden space 309760K, 0% used [0x00000000e0000000,0x00000000e0000000,0x00000000f2e80000)
  from space 25600K, 91% used [0x00000000f5680000,0x00000000f6d6b158,0x00000000f6f80000)
  to   space 33280K, 0% used [0x00000000f2e80000,0x00000000f2e80000,0x00000000f4f00000)
 ParOldGen       total 137216K, used 42869K [0x00000000a0000000, 0x00000000a8600000, 0x00000000e0000000)
  object space 137216K, 31% used [0x00000000a0000000,0x00000000a29dd5b0,0x00000000a8600000)
 Metaspace       used 70986K, capacity 73974K, committed 74200K, reserved 1114112K
  class space    used 9236K, capacity 9908K, committed 9984K, reserved 1048576K
}

